# JRE version: Java(TM) SE Runtime Environment (7.0_79-b15) (build 1.7.0_79-b15)
# Java VM: Java HotSpot(TM) 64-Bit Server VM (24.79-b02 mixed mode windows-amd64 compressed oops)
Heap
 PSYoungGen      total 427520K, used 284090K [0x00000007d5500000, 0x00000007ef800000, 0x0000000800000000)
  eden space 425984K, 66% used [0x00000007d5500000,0x00000007e69c0a98,0x00000007ef500000)
  from space 1536K, 45% used [0x00000007ef680000,0x00000007ef72df10,0x00000007ef800000)
  to   space 1536K, 0% used [0x00000007ef500000,0x00000007ef500000,0x00000007ef680000)
 ParOldGen       total 86528K, used 805K [0x0000000780000000, 0x0000000785480000, 0x00000007d5500000)
  object space 86528K, 0% used [0x0000000780000000,0x00000007800c96b0,0x0000000785480000)
 PSPermGen       total 21504K, used 4331K [0x000000077ae00000, 0x000000077c300000, 0x0000000780000000)
  object space 21504K, 20% used [0x000000077ae00000,0x000000077b23aea8,0x000000077c300000)
GC Heap History (10 events):
Event: 3.480 GC heap before
{Heap before GC invocations=6 (full 0):
 PSYoungGen      total 71680K, used 67567K [0x00000007d5500000, 0x00000007dda00000, 0x0000000800000000)
  eden space 66560K, 100% used [0x00000007d5500000,0x00000007d9600000,0x00000007d9600000)
  from space 5120K, 19% used [0x00000007d9600000,0x00000007d96fbc20,0x00000007d9b00000)
  to   space 1536K, 0% used [0x00000007dd880000,0x00000007dd880000,0x00000007dda00000)
 ParOldGen       total 86528K, used 8K [0x0000000780000000, 0x0000000785480000, 0x00000007d5500000)
  object space 86528K, 0% used [0x0000000780000000,0x0000000780002000,0x0000000785480000)
 PSPermGen       total 21504K, used 4296K [0x000000077ae00000, 0x000000077c300000, 0x0000000780000000)
  object space 21504K, 19% used [0x000000077ae00000,0x000000077b232208,0x000000077c300000)
Event: 3.482 GC heap after
Heap after GC invocations=6 (full 0):
 PSYoungGen      total 134656K, used 920K [0x00000007d5500000, 0x00000007dda00000, 0x0000000800000000)
  eden space 133120K, 0% used [0x00000007d5500000,0x00000007d5500000,0x00000007dd700000)
  from space 1536K, 59% used [0x00000007dd880000,0x00000007dd9663d8,0x00000007dda00000)
  to   space 1536K, 0% used [0x00000007dd700000,0x00000007dd700000,0x00000007dd880000)
 ParOldGen       total 86528K, used 8K [0x0000000780000000, 0x0000000785480000, 0x00000007d5500000)
  object space 86528K, 0% used [0x0000000780000000,0x0000000780002000,0x0000000785480000)
 PSPermGen       total 21504K, used 4296K [0x000000077ae00000, 0x000000077c300000, 0x0000000780000000)
  object space 21504K, 19% used [0x000000077ae00000,0x000000077b232208,0x000000077c300000)
}
Event: 3.545 GC heap before
{Heap before GC invocations=7 (full 0):
 PSYoungGen      total 134656K, used 133977K [0x00000007d5500000, 0x00000007dda00000, 0x0000000800000000)
  eden space 133120K, 99% used [0x00000007d5500000,0x00000007dd6f0200,0x00000007dd700000)
  from space 1536K, 59% used [0x00000007dd880000,0x00000007dd9663d8,0x00000007dda00000)
  to   space 1536K, 0% used [0x00000007dd700000,0x00000007dd700000,0x00000007dd880000)
 ParOldGen       total 86528K, used 8K [0x0000000780000000, 0x0000000785480000, 0x00000007d5500000)
  object space 86528K, 0% used [0x0000000780000000,0x0000000780002000,0x0000000785480000)
 PSPermGen       total 21504K, used 4296K [0x000000077ae00000, 0x000000077c300000, 0x0000000780000000)
  object space 21504K, 19% used [0x000000077ae00000,0x000000077b232208,0x000000077c300000)
Event: 3.546 GC heap after
Heap after GC invocations=7 (full 0):
 PSYoungGen      total 134656K, used 191K [0x00000007d5500000, 0x00000007e5c00000, 0x0000000800000000)
  eden space 133120K, 0% used [0x00000007d5500000,0x00000007d5500000,0x00000007dd700000)
  from space 1536K, 12% used [0x00000007dd700000,0x00000007dd72ff00,0x00000007dd880000)
  to   space 1536K, 0% used [0x00000007e5a80000,0x00000007e5a80000,0x00000007e5c00000)
 ParOldGen       total 86528K, used 781K [0x0000000780000000, 0x0000000785480000, 0x00000007d5500000)
  object space 86528K, 0% used [0x0000000780000000,0x00000007800c36b0,0x0000000785480000)
 PSPermGen       total 21504K, used 4296K [0x000000077ae00000, 0x000000077c300000, 0x0000000780000000)
  object space 21504K, 19% used [0x000000077ae00000,0x000000077b232208,0x000000077c300000)
}
Event: 3.587 GC heap before
{Heap before GC invocations=8 (full 0):
 PSYoungGen      total 134656K, used 133128K [0x00000007d5500000, 0x00000007e5c00000, 0x0000000800000000)
  eden space 133120K, 99% used [0x00000007d5500000,0x00000007dd6d2320,0x00000007dd700000)
  from space 1536K, 12% used [0x00000007dd700000,0x00000007dd72ff00,0x00000007dd880000)
  to   space 1536K, 0% used [0x00000007e5a80000,0x00000007e5a80000,0x00000007e5c00000)
 ParOldGen       total 86528K, used 781K [0x0000000780000000, 0x0000000785480000, 0x00000007d5500000)
  object space 86528K, 0% used [0x0000000780000000,0x00000007800c36b0,0x0000000785480000)
 PSPermGen       total 21504K, used 4297K [0x000000077ae00000, 0x000000077c300000, 0x0000000780000000)
  object space 21504K, 19% used [0x000000077ae00000,0x000000077b2324f0,0x000000077c300000)
Event: 3.587 GC heap after
Heap after GC invocations=8 (full 0):
 PSYoungGen      total 267776K, used 416K [0x00000007d5500000, 0x00000007e5c00000, 0x0000000800000000)
  eden space 266240K, 0% used [0x00000007d5500000,0x00000007d5500000,0x00000007e5900000)
  from space 1536K, 27% used [0x00000007e5a80000,0x00000007e5ae8130,0x00000007e5c00000)
  to   space 1536K, 0% used [0x00000007e5900000,0x00000007e5900000,0x00000007e5a80000)
 ParOldGen       total 86528K, used 789K [0x0000000780000000, 0x0000000785480000, 0x00000007d5500000)
  object space 86528K, 0% used [0x0000000780000000,0x00000007800c56b0,0x0000000785480000)
 PSPermGen       total 21504K, used 4297K [0x000000077ae00000, 0x000000077c300000, 0x0000000780000000)
  object space 21504K, 19% used [0x000000077ae00000,0x000000077b2324f0,0x000000077c300000)
}
Event: 3.665 GC heap before
{Heap before GC invocations=9 (full 0):
 PSYoungGen      total 267776K, used 266656K [0x00000007d5500000, 0x00000007e5c00000, 0x0000000800000000)
  eden space 266240K, 100% used [0x00000007d5500000,0x00000007e5900000,0x00000007e5900000)
  from space 1536K, 27% used [0x00000007e5a80000,0x00000007e5ae8130,0x00000007e5c00000)
  to   space 1536K, 0% used [0x00000007e5900000,0x00000007e5900000,0x00000007e5a80000)
 ParOldGen       total 86528K, used 789K [0x0000000780000000, 0x0000000785480000, 0x00000007d5500000)
  object space 86528K, 0% used [0x0000000780000000,0x00000007800c56b0,0x0000000785480000)
 PSPermGen       total 21504K, used 4300K [0x000000077ae00000, 0x000000077c300000, 0x0000000780000000)
  object space 21504K, 20% used [0x000000077ae00000,0x000000077b233348,0x000000077c300000)
Event: 3.665 GC heap after
Heap after GC invocations=9 (full 0):
 PSYoungGen      total 267776K, used 651K [0x00000007d5500000, 0x00000007ef800000, 0x0000000800000000)
  eden space 266240K, 0% used [0x00000007d5500000,0x00000007d5500000,0x00000007e5900000)
  from space 1536K, 42% used [0x00000007e5900000,0x00000007e59a2f68,0x00000007e5a80000)
  to   space 1536K, 0% used [0x00000007ef680000,0x00000007ef680000,0x00000007ef800000)
 ParOldGen       total 86528K, used 805K [0x0000000780000000, 0x0000000785480000, 0x00000007d5500000)
  object space 86528K, 0% used [0x0000000780000000,0x00000007800c96b0,0x0000000785480000)
 PSPermGen       total 21504K, used 4300K [0x000000077ae00000, 0x000000077c300000, 0x0000000780000000)
  object space 21504K, 20% used [0x000000077ae00000,0x000000077b233348,0x000000077c300000)
}
Event: 3.717 GC heap before
{Heap before GC invocations=10 (full 0):
 PSYoungGen      total 267776K, used 266733K [0x00000007d5500000, 0x00000007ef800000, 0x0000000800000000)
  eden space 266240K, 99% used [0x00000007d5500000,0x00000007e58d85f0,0x00000007e5900000)
  from space 1536K, 42% used [0x00000007e5900000,0x00000007e59a2f68,0x00000007e5a80000)
  to   space 1536K, 0% used [0x00000007ef680000,0x00000007ef680000,0x00000007ef800000)
 ParOldGen       total 86528K, used 805K [0x0000000780000000, 0x0000000785480000, 0x00000007d5500000)
  object space 86528K, 0% used [0x0000000780000000,0x00000007800c96b0,0x0000000785480000)
 PSPermGen       total 21504K, used 4301K [0x000000077ae00000, 0x000000077c300000, 0x0000000780000000)
  object space 21504K, 20% used [0x000000077ae00000,0x000000077b233578,0x000000077c300000)
Event: 3.718 GC heap after
Heap after GC invocations=10 (full 0):
 PSYoungGen      total 427520K, used 695K [0x00000007d5500000, 0x00000007ef800000, 0x0000000800000000)
  eden space 425984K, 0% used [0x00000007d5500000,0x00000007d5500000,0x00000007ef500000)
  from space 1536K, 45% used [0x00000007ef680000,0x00000007ef72df10,0x00000007ef800000)
  to   space 1536K, 0% used [0x00000007ef500000,0x00000007ef500000,0x00000007ef680000)
 ParOldGen       total 86528K, used 805K [0x0000000780000000, 0x0000000785480000, 0x00000007d5500000)
  object space 86528K, 0% used [0x0000000780000000,0x00000007800c96b0,0x0000000785480000)
 PSPermGen       total 21504K, used 4301K [0x000000077ae00000, 0x000000077c300000, 0x0000000780000000)
  object space 21504K, 20% used [0x000000077ae00000,0x000000077b233578,0x000000077c300000)
}

